<?xml version="1.0" encoding="UTF-8"?>
<testng-results ignored="0" total="2" passed="0" failed="2" skipped="0">
  <reporter-output>
    <line>
      <![CDATA[<a href='D:\Eclipse-workspace\POM\src\main\resources\Screenshots\_17_03_21_09_03_57.png'><img src='D:\Eclipse-workspace\POM\src\main\resources\Screenshots\_17_03_21_09_03_57.png'height='100' width='100'/><a/>]]>
    </line>
    <line>
      <![CDATA[<a href='D:\Eclipse-workspace\POM\src\main\resources\Screenshots\testLoginToApplication_17_03_21_09_03_59.png'><img src='D:\Eclipse-workspace\POM\src\main\resources\Screenshots\testLoginToApplication_17_03_21_09_03_59.png'height='100' width='100'/><a/>]]>
    </line>
    <line>
      <![CDATA[<a href='D:\Eclipse-workspace\POM\src\main\resources\Screenshots\_17_04_21_09_04_10.png'><img src='D:\Eclipse-workspace\POM\src\main\resources\Screenshots\_17_04_21_09_04_10.png'height='100' width='100'/><a/>]]>
    </line>
    <line>
      <![CDATA[<a href='D:\Eclipse-workspace\POM\src\main\resources\Screenshots\testHomepage_17_04_21_09_04_12.png'><img src='D:\Eclipse-workspace\POM\src\main\resources\Screenshots\testHomepage_17_04_21_09_04_12.png'height='100' width='100'/><a/>]]>
    </line>
  </reporter-output>
  <suite started-at="2021-08-17T03:33:46Z" name="All test" finished-at="2021-08-17T03:34:14Z" duration-ms="27811">
    <groups>
    </groups>
    <test started-at="2021-08-17T03:33:46Z" name="LoginTest" finished-at="2021-08-17T03:34:03Z" duration-ms="16456">
      <class name="testscripts.LoginTest">
        <test-method is-config="true" signature="beforeTest()[pri:0, instance:testscripts.LoginTest@31c7528f]" started-at="2021-08-17T03:33:46Z" name="beforeTest" finished-at="2021-08-17T03:33:52Z" duration-ms="5540" status="PASS">
          <reporter-output>
          </reporter-output>
        </test-method> <!-- beforeTest -->
        <test-method is-config="true" signature="beforeClass()[pri:0, instance:testscripts.LoginTest@31c7528f]" started-at="2021-08-17T03:33:52Z" name="beforeClass" finished-at="2021-08-17T03:33:52Z" duration-ms="8" status="PASS">
          <reporter-output>
          </reporter-output>
        </test-method> <!-- beforeClass -->
        <test-method is-config="true" signature="beforeMethod(java.lang.reflect.Method)[pri:0, instance:testscripts.LoginTest@31c7528f]" started-at="2021-08-17T03:33:52Z" name="beforeMethod" finished-at="2021-08-17T03:33:52Z" duration-ms="17" status="PASS">
          <params>
            <param index="0">
              <value>
                <![CDATA[public void testscripts.LoginTest.testLoginToApplication() throws java.io.IOException]]>
              </value>
            </param>
          </params>
          <reporter-output>
          </reporter-output>
        </test-method> <!-- beforeMethod -->
        <test-method signature="testLoginToApplication()[pri:0, instance:testscripts.LoginTest@31c7528f]" started-at="2021-08-17T03:33:52Z" name="testLoginToApplication" description="Login test with valid description" finished-at="2021-08-17T03:33:59Z" duration-ms="7179" status="FAIL">
          <exception class="org.openqa.selenium.ElementClickInterceptedException">
            <message>
              <![CDATA[element click intercepted: Element is not clickable at point (2073, 505)
  (Session info: chrome=92.0.4515.131)
Build info: version: '3.14.0', revision: 'aacccce0', time: '2018-08-02T20:19:58.91Z'
System info: host: 'VINOD-ACER', ip: '192.168.1.4', os.name: 'Windows 10', os.arch: 'amd64', os.version: '10.0', java.version: '15.0.1'
Driver info: org.openqa.selenium.chrome.ChromeDriver
Capabilities {acceptInsecureCerts: false, browserName: chrome, browserVersion: 92.0.4515.131, chrome: {chromedriverVersion: 92.0.4515.107 (87a818b10553..., userDataDir: C:\Users\Vinod\AppData\Loca...}, goog:chromeOptions: {debuggerAddress: localhost:58922}, javascriptEnabled: true, networkConnectionEnabled: false, pageLoadStrategy: normal, platform: WINDOWS, platformName: WINDOWS, proxy: Proxy(), setWindowRect: true, strictFileInteractability: false, timeouts: {implicit: 0, pageLoad: 300000, script: 30000}, unhandledPromptBehavior: dismiss and notify, webauthn:extension:credBlob: true, webauthn:extension:largeBlob: true, webauthn:virtualAuthenticators: true}
Session ID: b56182a06e88e245b3d1dce2b3e958b5]]>
            </message>
            <full-stacktrace>
              <![CDATA[org.openqa.selenium.ElementClickInterceptedException: element click intercepted: Element is not clickable at point (2073, 505)
  (Session info: chrome=92.0.4515.131)
Build info: version: '3.14.0', revision: 'aacccce0', time: '2018-08-02T20:19:58.91Z'
System info: host: 'VINOD-ACER', ip: '192.168.1.4', os.name: 'Windows 10', os.arch: 'amd64', os.version: '10.0', java.version: '15.0.1'
Driver info: org.openqa.selenium.chrome.ChromeDriver
Capabilities {acceptInsecureCerts: false, browserName: chrome, browserVersion: 92.0.4515.131, chrome: {chromedriverVersion: 92.0.4515.107 (87a818b10553..., userDataDir: C:\Users\Vinod\AppData\Loca...}, goog:chromeOptions: {debuggerAddress: localhost:58922}, javascriptEnabled: true, networkConnectionEnabled: false, pageLoadStrategy: normal, platform: WINDOWS, platformName: WINDOWS, proxy: Proxy(), setWindowRect: true, strictFileInteractability: false, timeouts: {implicit: 0, pageLoad: 300000, script: 30000}, unhandledPromptBehavior: dismiss and notify, webauthn:extension:credBlob: true, webauthn:extension:largeBlob: true, webauthn:virtualAuthenticators: true}
Session ID: b56182a06e88e245b3d1dce2b3e958b5
at java.base/jdk.internal.reflect.NativeConstructorAccessorImpl.newInstance0(Native Method)
at java.base/jdk.internal.reflect.NativeConstructorAccessorImpl.newInstance(NativeConstructorAccessorImpl.java:64)
at java.base/jdk.internal.reflect.DelegatingConstructorAccessorImpl.newInstance(DelegatingConstructorAccessorImpl.java:45)
at java.base/java.lang.reflect.Constructor.newInstanceWithCaller(Constructor.java:500)
at java.base/java.lang.reflect.Constructor.newInstance(Constructor.java:481)
at org.openqa.selenium.remote.http.W3CHttpResponseCodec.createException(W3CHttpResponseCodec.java:187)
at org.openqa.selenium.remote.http.W3CHttpResponseCodec.decode(W3CHttpResponseCodec.java:122)
at org.openqa.selenium.remote.http.W3CHttpResponseCodec.decode(W3CHttpResponseCodec.java:49)
at org.openqa.selenium.remote.HttpCommandExecutor.execute(HttpCommandExecutor.java:158)
at org.openqa.selenium.remote.service.DriverCommandExecutor.execute(DriverCommandExecutor.java:83)
at org.openqa.selenium.remote.RemoteWebDriver.execute(RemoteWebDriver.java:548)
at org.openqa.selenium.remote.RemoteWebElement.execute(RemoteWebElement.java:276)
at org.openqa.selenium.remote.RemoteWebElement.click(RemoteWebElement.java:83)
at java.base/jdk.internal.reflect.NativeMethodAccessorImpl.invoke0(Native Method)
at java.base/jdk.internal.reflect.NativeMethodAccessorImpl.invoke(NativeMethodAccessorImpl.java:64)
at java.base/jdk.internal.reflect.DelegatingMethodAccessorImpl.invoke(DelegatingMethodAccessorImpl.java:43)
at java.base/java.lang.reflect.Method.invoke(Method.java:564)
at org.openqa.selenium.support.pagefactory.internal.LocatingElementHandler.invoke(LocatingElementHandler.java:51)
at com.sun.proxy.$Proxy16.click(Unknown Source)
at pageobject.LoginPage.ClickonSignInButton(LoginPage.java:75)
at testscripts.LoginTest.testLoginToApplication(LoginTest.java:23)
at java.base/jdk.internal.reflect.NativeMethodAccessorImpl.invoke0(Native Method)
at java.base/jdk.internal.reflect.NativeMethodAccessorImpl.invoke(NativeMethodAccessorImpl.java:64)
at java.base/jdk.internal.reflect.DelegatingMethodAccessorImpl.invoke(DelegatingMethodAccessorImpl.java:43)
at java.base/java.lang.reflect.Method.invoke(Method.java:564)
at org.testng.internal.MethodInvocationHelper.invokeMethod(MethodInvocationHelper.java:124)
at org.testng.internal.Invoker.invokeMethod(Invoker.java:583)
at org.testng.internal.Invoker.invokeTestMethod(Invoker.java:719)
at org.testng.internal.Invoker.invokeTestMethods(Invoker.java:989)
at org.testng.internal.TestMethodWorker.invokeTestMethods(TestMethodWorker.java:125)
at org.testng.internal.TestMethodWorker.run(TestMethodWorker.java:109)
at org.testng.TestRunner.privateRun(TestRunner.java:648)
at org.testng.TestRunner.run(TestRunner.java:505)
at org.testng.SuiteRunner.runTest(SuiteRunner.java:455)
at org.testng.SuiteRunner.runSequentially(SuiteRunner.java:450)
at org.testng.SuiteRunner.privateRun(SuiteRunner.java:415)
at org.testng.SuiteRunner.run(SuiteRunner.java:364)
at org.testng.SuiteRunnerWorker.runSuite(SuiteRunnerWorker.java:52)
at org.testng.SuiteRunnerWorker.run(SuiteRunnerWorker.java:84)
at org.testng.TestNG.runSuitesSequentially(TestNG.java:1208)
at org.testng.TestNG.runSuitesLocally(TestNG.java:1137)
at org.testng.TestNG.runSuites(TestNG.java:1049)
at org.testng.TestNG.run(TestNG.java:1017)
at org.testng.remote.AbstractRemoteTestNG.run(AbstractRemoteTestNG.java:115)
at org.testng.remote.RemoteTestNG.initAndRun(RemoteTestNG.java:251)
at org.testng.remote.RemoteTestNG.main(RemoteTestNG.java:77)
]]>
            </full-stacktrace>
          </exception> <!-- org.openqa.selenium.ElementClickInterceptedException -->
          <reporter-output>
            <line>
              <![CDATA[<a href='D:\Eclipse-workspace\POM\src\main\resources\Screenshots\_17_03_21_09_03_57.png'><img src='D:\Eclipse-workspace\POM\src\main\resources\Screenshots\_17_03_21_09_03_57.png'height='100' width='100'/><a/>]]>
            </line>
          </reporter-output>
        </test-method> <!-- testLoginToApplication -->
        <test-method is-config="true" signature="afterMethod(org.testng.ITestResult)[pri:0, instance:testscripts.LoginTest@31c7528f]" started-at="2021-08-17T03:33:59Z" name="afterMethod" finished-at="2021-08-17T03:34:03Z" duration-ms="3654" status="PASS">
          <params>
            <param index="0">
              <value>
                <![CDATA[[TestResult name=testLoginToApplication status=FAILURE method=LoginTest.testLoginToApplication()[pri:0, instance:testscripts.LoginTest@31c7528f] output=<a href='D:\Eclipse-workspace\POM\src\main\resources\Screenshots\_17_03_21_09_03_57.png'><img src='D:\Eclipse-workspace\POM\src\main\resources\Screenshots\_17_03_21_09_03_57.png'height='100' width='100'/><a/>]]]>
              </value>
            </param>
          </params>
          <reporter-output>
            <line>
              <![CDATA[<a href='D:\Eclipse-workspace\POM\src\main\resources\Screenshots\testLoginToApplication_17_03_21_09_03_59.png'><img src='D:\Eclipse-workspace\POM\src\main\resources\Screenshots\testLoginToApplication_17_03_21_09_03_59.png'height='100' width='100'/><a/>]]>
            </line>
          </reporter-output>
        </test-method> <!-- afterMethod -->
      </class> <!-- testscripts.LoginTest -->
    </test> <!-- LoginTest -->
    <test started-at="2021-08-17T03:34:03Z" name="HomePageTest" finished-at="2021-08-17T03:34:14Z" duration-ms="11268">
      <class name="testscripts.HomePageTest">
        <test-method is-config="true" signature="beforeSuite()[pri:0, instance:testscripts.HomePageTest@335b5620]" started-at="2021-08-17T03:33:46Z" name="beforeSuite" finished-at="2021-08-17T03:33:46Z" duration-ms="358" status="PASS">
          <reporter-output>
          </reporter-output>
        </test-method> <!-- beforeSuite -->
        <test-method is-config="true" signature="beforeTest()[pri:0, instance:testscripts.HomePageTest@335b5620]" started-at="2021-08-17T03:34:03Z" name="beforeTest" finished-at="2021-08-17T03:34:06Z" duration-ms="3114" status="PASS">
          <reporter-output>
          </reporter-output>
        </test-method> <!-- beforeTest -->
        <test-method is-config="true" signature="beforeClass()[pri:0, instance:testscripts.HomePageTest@335b5620]" started-at="2021-08-17T03:34:06Z" name="beforeClass" finished-at="2021-08-17T03:34:06Z" duration-ms="1" status="PASS">
          <reporter-output>
          </reporter-output>
        </test-method> <!-- beforeClass -->
        <test-method is-config="true" signature="beforeMethod(java.lang.reflect.Method)[pri:0, instance:testscripts.HomePageTest@335b5620]" started-at="2021-08-17T03:34:06Z" name="beforeMethod" finished-at="2021-08-17T03:34:06Z" duration-ms="1" status="PASS">
          <params>
            <param index="0">
              <value>
                <![CDATA[public void testscripts.HomePageTest.testHomepage() throws java.io.IOException]]>
              </value>
            </param>
          </params>
          <reporter-output>
          </reporter-output>
        </test-method> <!-- beforeMethod -->
        <test-method signature="testHomepage()[pri:0, instance:testscripts.HomePageTest@335b5620]" started-at="2021-08-17T03:34:06Z" name="testHomepage" description="Test the homepage..!!!" finished-at="2021-08-17T03:34:12Z" duration-ms="6446" status="FAIL">
          <exception class="org.openqa.selenium.ElementClickInterceptedException">
            <message>
              <![CDATA[element click intercepted: Element is not clickable at point (2073, 505)
  (Session info: chrome=92.0.4515.131)
Build info: version: '3.14.0', revision: 'aacccce0', time: '2018-08-02T20:19:58.91Z'
System info: host: 'VINOD-ACER', ip: '192.168.1.4', os.name: 'Windows 10', os.arch: 'amd64', os.version: '10.0', java.version: '15.0.1'
Driver info: org.openqa.selenium.chrome.ChromeDriver
Capabilities {acceptInsecureCerts: false, browserName: chrome, browserVersion: 92.0.4515.131, chrome: {chromedriverVersion: 92.0.4515.107 (87a818b10553..., userDataDir: C:\Users\Vinod\AppData\Loca...}, goog:chromeOptions: {debuggerAddress: localhost:57155}, javascriptEnabled: true, networkConnectionEnabled: false, pageLoadStrategy: normal, platform: WINDOWS, platformName: WINDOWS, proxy: Proxy(), setWindowRect: true, strictFileInteractability: false, timeouts: {implicit: 0, pageLoad: 300000, script: 30000}, unhandledPromptBehavior: dismiss and notify, webauthn:extension:credBlob: true, webauthn:extension:largeBlob: true, webauthn:virtualAuthenticators: true}
Session ID: 562cecddafbffd40a3a9f5aa4457d21e]]>
            </message>
            <full-stacktrace>
              <![CDATA[org.openqa.selenium.ElementClickInterceptedException: element click intercepted: Element is not clickable at point (2073, 505)
  (Session info: chrome=92.0.4515.131)
Build info: version: '3.14.0', revision: 'aacccce0', time: '2018-08-02T20:19:58.91Z'
System info: host: 'VINOD-ACER', ip: '192.168.1.4', os.name: 'Windows 10', os.arch: 'amd64', os.version: '10.0', java.version: '15.0.1'
Driver info: org.openqa.selenium.chrome.ChromeDriver
Capabilities {acceptInsecureCerts: false, browserName: chrome, browserVersion: 92.0.4515.131, chrome: {chromedriverVersion: 92.0.4515.107 (87a818b10553..., userDataDir: C:\Users\Vinod\AppData\Loca...}, goog:chromeOptions: {debuggerAddress: localhost:57155}, javascriptEnabled: true, networkConnectionEnabled: false, pageLoadStrategy: normal, platform: WINDOWS, platformName: WINDOWS, proxy: Proxy(), setWindowRect: true, strictFileInteractability: false, timeouts: {implicit: 0, pageLoad: 300000, script: 30000}, unhandledPromptBehavior: dismiss and notify, webauthn:extension:credBlob: true, webauthn:extension:largeBlob: true, webauthn:virtualAuthenticators: true}
Session ID: 562cecddafbffd40a3a9f5aa4457d21e
at java.base/jdk.internal.reflect.NativeConstructorAccessorImpl.newInstance0(Native Method)
at java.base/jdk.internal.reflect.NativeConstructorAccessorImpl.newInstance(NativeConstructorAccessorImpl.java:64)
at java.base/jdk.internal.reflect.DelegatingConstructorAccessorImpl.newInstance(DelegatingConstructorAccessorImpl.java:45)
at java.base/java.lang.reflect.Constructor.newInstanceWithCaller(Constructor.java:500)
at java.base/java.lang.reflect.Constructor.newInstance(Constructor.java:481)
at org.openqa.selenium.remote.http.W3CHttpResponseCodec.createException(W3CHttpResponseCodec.java:187)
at org.openqa.selenium.remote.http.W3CHttpResponseCodec.decode(W3CHttpResponseCodec.java:122)
at org.openqa.selenium.remote.http.W3CHttpResponseCodec.decode(W3CHttpResponseCodec.java:49)
at org.openqa.selenium.remote.HttpCommandExecutor.execute(HttpCommandExecutor.java:158)
at org.openqa.selenium.remote.service.DriverCommandExecutor.execute(DriverCommandExecutor.java:83)
at org.openqa.selenium.remote.RemoteWebDriver.execute(RemoteWebDriver.java:548)
at org.openqa.selenium.remote.RemoteWebElement.execute(RemoteWebElement.java:276)
at org.openqa.selenium.remote.RemoteWebElement.click(RemoteWebElement.java:83)
at java.base/jdk.internal.reflect.NativeMethodAccessorImpl.invoke0(Native Method)
at java.base/jdk.internal.reflect.NativeMethodAccessorImpl.invoke(NativeMethodAccessorImpl.java:64)
at java.base/jdk.internal.reflect.DelegatingMethodAccessorImpl.invoke(DelegatingMethodAccessorImpl.java:43)
at java.base/java.lang.reflect.Method.invoke(Method.java:564)
at org.openqa.selenium.support.pagefactory.internal.LocatingElementHandler.invoke(LocatingElementHandler.java:51)
at com.sun.proxy.$Proxy16.click(Unknown Source)
at pageobject.LoginPage.ClickonSignInButton(LoginPage.java:75)
at testscripts.HomePageTest.testHomepage(HomePageTest.java:25)
at java.base/jdk.internal.reflect.NativeMethodAccessorImpl.invoke0(Native Method)
at java.base/jdk.internal.reflect.NativeMethodAccessorImpl.invoke(NativeMethodAccessorImpl.java:64)
at java.base/jdk.internal.reflect.DelegatingMethodAccessorImpl.invoke(DelegatingMethodAccessorImpl.java:43)
at java.base/java.lang.reflect.Method.invoke(Method.java:564)
at org.testng.internal.MethodInvocationHelper.invokeMethod(MethodInvocationHelper.java:124)
at org.testng.internal.Invoker.invokeMethod(Invoker.java:583)
at org.testng.internal.Invoker.invokeTestMethod(Invoker.java:719)
at org.testng.internal.Invoker.invokeTestMethods(Invoker.java:989)
at org.testng.internal.TestMethodWorker.invokeTestMethods(TestMethodWorker.java:125)
at org.testng.internal.TestMethodWorker.run(TestMethodWorker.java:109)
at org.testng.TestRunner.privateRun(TestRunner.java:648)
at org.testng.TestRunner.run(TestRunner.java:505)
at org.testng.SuiteRunner.runTest(SuiteRunner.java:455)
at org.testng.SuiteRunner.runSequentially(SuiteRunner.java:450)
at org.testng.SuiteRunner.privateRun(SuiteRunner.java:415)
at org.testng.SuiteRunner.run(SuiteRunner.java:364)
at org.testng.SuiteRunnerWorker.runSuite(SuiteRunnerWorker.java:52)
at org.testng.SuiteRunnerWorker.run(SuiteRunnerWorker.java:84)
at org.testng.TestNG.runSuitesSequentially(TestNG.java:1208)
at org.testng.TestNG.runSuitesLocally(TestNG.java:1137)
at org.testng.TestNG.runSuites(TestNG.java:1049)
at org.testng.TestNG.run(TestNG.java:1017)
at org.testng.remote.AbstractRemoteTestNG.run(AbstractRemoteTestNG.java:115)
at org.testng.remote.RemoteTestNG.initAndRun(RemoteTestNG.java:251)
at org.testng.remote.RemoteTestNG.main(RemoteTestNG.java:77)
]]>
            </full-stacktrace>
          </exception> <!-- org.openqa.selenium.ElementClickInterceptedException -->
          <reporter-output>
            <line>
              <![CDATA[<a href='D:\Eclipse-workspace\POM\src\main\resources\Screenshots\_17_04_21_09_04_10.png'><img src='D:\Eclipse-workspace\POM\src\main\resources\Screenshots\_17_04_21_09_04_10.png'height='100' width='100'/><a/>]]>
            </line>
          </reporter-output>
        </test-method> <!-- testHomepage -->
        <test-method is-config="true" signature="afterMethod(org.testng.ITestResult)[pri:0, instance:testscripts.HomePageTest@335b5620]" started-at="2021-08-17T03:34:12Z" name="afterMethod" finished-at="2021-08-17T03:34:14Z" duration-ms="1691" status="PASS">
          <params>
            <param index="0">
              <value>
                <![CDATA[[TestResult name=testHomepage status=FAILURE method=HomePageTest.testHomepage()[pri:0, instance:testscripts.HomePageTest@335b5620] output=<a href='D:\Eclipse-workspace\POM\src\main\resources\Screenshots\_17_04_21_09_04_10.png'><img src='D:\Eclipse-workspace\POM\src\main\resources\Screenshots\_17_04_21_09_04_10.png'height='100' width='100'/><a/>]]]>
              </value>
            </param>
          </params>
          <reporter-output>
            <line>
              <![CDATA[<a href='D:\Eclipse-workspace\POM\src\main\resources\Screenshots\testHomepage_17_04_21_09_04_12.png'><img src='D:\Eclipse-workspace\POM\src\main\resources\Screenshots\testHomepage_17_04_21_09_04_12.png'height='100' width='100'/><a/>]]>
            </line>
          </reporter-output>
        </test-method> <!-- afterMethod -->
      </class> <!-- testscripts.HomePageTest -->
    </test> <!-- HomePageTest -->
  </suite> <!-- All test -->
</testng-results>
